<?xml version="1.0" encoding="UTF-8"?>
<!-- Generated by org.testng.reporters.JUnitXMLReporter -->
<testsuite hostname="DESKTOP-2JV4QRQ" ignored="0" name="Smoke" tests="5" failures="0" timestamp="2023-05-10T22:07:59 IST" time="10.502" errors="0">
  <testcase name="runScenario" time="4.125" classname="io.cucumber.testng.AbstractTestNGCucumberTests"/>
  <testcase name="runScenario" time="1.25" classname="io.cucumber.testng.AbstractTestNGCucumberTests"/>
  <testcase name="runScenario" time="1.778" classname="io.cucumber.testng.AbstractTestNGCucumberTests"/>
  <testcase name="runScenario" time="1.032" classname="io.cucumber.testng.AbstractTestNGCucumberTests"/>
  <testcase name="runScenario" time="1.803" classname="io.cucumber.testng.AbstractTestNGCucumberTests"/>
</testsuite> <!-- Smoke -->
