<?xml version="1.0" encoding="UTF-8"?>
<testsuite xmlns:xsi="http://www.w3.org/2001/XMLSchema-instance" xsi:noNamespaceSchemaLocation="https://maven.apache.org/surefire/maven-surefire-plugin/xsd/surefire-test-report-3.0.xsd" version="3.0" name="TestSuite" time="11.056" tests="5" errors="0" skipped="0" failures="0">
  <properties>
[...]
</properties>
  <testcase name="runScenario[&quot;Verify Activities GET API&quot;, &quot;Activities&quot;](1)" classname="com.demo.api.cucumber.stepsDefinition.CommonRunner" time="4.138">
    <system-out><![CDATA[05-10-2023 22:07:49 DemoStepsDefinition.java INFO  [TestNG-test=Smoke-1] Demo 38 -  Service Name : Activities GET API
05-10-2023 22:07:49 DemoStepsDefinition.java INFO  [TestNG-test=Smoke-1] Demo 39 -  Thread name : 13
05-10-2023 22:07:51 BasicClientConnectionManager.java DEBUG [TestNG-test=Smoke-1] conn.BasicClientConnectionManager 161 - Get connection for route {s}->https://fakerestapi.azurewebsites.net:443
05-10-2023 22:07:51 DefaultClientConnectionOperator.java DEBUG [TestNG-test=Smoke-1] conn.DefaultClientConnectionOperator 177 - Connecting to fakerestapi.azurewebsites.net:443
05-10-2023 22:07:51 RequestAddCookies.java DEBUG [TestNG-test=Smoke-1] protocol.RequestAddCookies 123 - CookieSpec selected: ignoreCookies
05-10-2023 22:07:51 RequestAuthCache.java DEBUG [TestNG-test=Smoke-1] protocol.RequestAuthCache 77 - Auth cache not set in the context
05-10-2023 22:07:51 RequestTargetAuthentication.java DEBUG [TestNG-test=Smoke-1] protocol.RequestTargetAuthentication 80 - Target auth state: UNCHALLENGED
05-10-2023 22:07:52 RequestProxyAuthentication.java DEBUG [TestNG-test=Smoke-1] protocol.RequestProxyAuthentication 89 - Proxy auth state: UNCHALLENGED
05-10-2023 22:07:52 DefaultRequestDirector.java DEBUG [TestNG-test=Smoke-1] client.DefaultHttpClient 677 - Attempt 1 to execute request
05-10-2023 22:07:52 DefaultClientConnection.java DEBUG [TestNG-test=Smoke-1] conn.DefaultClientConnection 274 - Sending request: GET /api/v1/activities HTTP/1.1
05-10-2023 22:07:52 Wire.java DEBUG [TestNG-test=Smoke-1] http.wire 73 -  >> "GET /api/v1/activities HTTP/1.1[\r][\n]"
05-10-2023 22:07:52 Wire.java DEBUG [TestNG-test=Smoke-1] http.wire 73 -  >> "Accept: */*[\r][\n]"
05-10-2023 22:07:52 Wire.java DEBUG [TestNG-test=Smoke-1] http.wire 73 -  >> "Host: fakerestapi.azurewebsites.net[\r][\n]"
05-10-2023 22:07:52 Wire.java DEBUG [TestNG-test=Smoke-1] http.wire 73 -  >> "Connection: Keep-Alive[\r][\n]"
05-10-2023 22:07:52 Wire.java DEBUG [TestNG-test=Smoke-1] http.wire 73 -  >> "User-Agent: Apache-HttpClient/4.5.13 (Java/1.8.0_333)[\r][\n]"
05-10-2023 22:07:52 Wire.java DEBUG [TestNG-test=Smoke-1] http.wire 73 -  >> "Accept-Encoding: gzip,deflate[\r][\n]"
05-10-2023 22:07:52 Wire.java DEBUG [TestNG-test=Smoke-1] http.wire 73 -  >> "[\r][\n]"
05-10-2023 22:07:52 DefaultClientConnection.java DEBUG [TestNG-test=Smoke-1] http.headers 278 - >> GET /api/v1/activities HTTP/1.1
05-10-2023 22:07:52 DefaultClientConnection.java DEBUG [TestNG-test=Smoke-1] http.headers 281 - >> Accept: */*
05-10-2023 22:07:52 DefaultClientConnection.java DEBUG [TestNG-test=Smoke-1] http.headers 281 - >> Host: fakerestapi.azurewebsites.net
05-10-2023 22:07:52 DefaultClientConnection.java DEBUG [TestNG-test=Smoke-1] http.headers 281 - >> Connection: Keep-Alive
05-10-2023 22:07:52 DefaultClientConnection.java DEBUG [TestNG-test=Smoke-1] http.headers 281 - >> User-Agent: Apache-HttpClient/4.5.13 (Java/1.8.0_333)
05-10-2023 22:07:52 DefaultClientConnection.java DEBUG [TestNG-test=Smoke-1] http.headers 281 - >> Accept-Encoding: gzip,deflate
05-10-2023 22:07:52 Wire.java DEBUG [TestNG-test=Smoke-1] http.wire 73 -  << "HTTP/1.1 200 OK[\r][\n]"
05-10-2023 22:07:52 Wire.java DEBUG [TestNG-test=Smoke-1] http.wire 73 -  << "Content-Type: application/json; charset=utf-8; v=1.0[\r][\n]"
05-10-2023 22:07:52 Wire.java DEBUG [TestNG-test=Smoke-1] http.wire 73 -  << "Date: Wed, 10 May 2023 16:37:51 GMT[\r][\n]"
05-10-2023 22:07:52 Wire.java DEBUG [TestNG-test=Smoke-1] http.wire 73 -  << "Server: Kestrel[\r][\n]"
05-10-2023 22:07:52 Wire.java DEBUG [TestNG-test=Smoke-1] http.wire 73 -  << "Transfer-Encoding: chunked[\r][\n]"
05-10-2023 22:07:52 Wire.java DEBUG [TestNG-test=Smoke-1] http.wire 73 -  << "api-supported-versions: 1.0[\r][\n]"
05-10-2023 22:07:52 Wire.java DEBUG [TestNG-test=Smoke-1] http.wire 73 -  << "[\r][\n]"
05-10-2023 22:07:52 DefaultClientConnection.java DEBUG [TestNG-test=Smoke-1] conn.DefaultClientConnection 259 - Receiving response: HTTP/1.1 200 OK
05-10-2023 22:07:52 DefaultClientConnection.java DEBUG [TestNG-test=Smoke-1] http.headers 262 - << HTTP/1.1 200 OK
05-10-2023 22:07:52 DefaultClientConnection.java DEBUG [TestNG-test=Smoke-1] http.headers 265 - << Content-Type: application/json; charset=utf-8; v=1.0
05-10-2023 22:07:52 DefaultClientConnection.java DEBUG [TestNG-test=Smoke-1] http.headers 265 - << Date: Wed, 10 May 2023 16:37:51 GMT
05-10-2023 22:07:52 DefaultClientConnection.java DEBUG [TestNG-test=Smoke-1] http.headers 265 - << Server: Kestrel
05-10-2023 22:07:52 DefaultClientConnection.java DEBUG [TestNG-test=Smoke-1] http.headers 265 - << Transfer-Encoding: chunked
05-10-2023 22:07:52 DefaultClientConnection.java DEBUG [TestNG-test=Smoke-1] http.headers 265 - << api-supported-versions: 1.0
05-10-2023 22:07:52 DefaultRequestDirector.java DEBUG [TestNG-test=Smoke-1] client.DefaultHttpClient 504 - Connection can be kept alive indefinitely
05-10-2023 22:07:52 HTTPBuilder.java DEBUG [TestNG-test=Smoke-1] internal.RestAssuredHttpBuilder 553 - Parsing response as: application/json; charset=utf-8; v=1.0
05-10-2023 22:07:52 HTTPBuilder.java DEBUG [TestNG-test=Smoke-1] internal.RestAssuredHttpBuilder 556 - Parsed data to instance of: class org.apache.http.conn.EofSensorInputStream
05-10-2023 22:07:52 ApiRequestHelper.java INFO  [TestNG-test=Smoke-1] Demo 158 - 
05-10-2023 22:07:52 ApiRequestHelper.java INFO  [TestNG-test=Smoke-1] Demo 159 - http://localhost
05-10-2023 22:07:52 ApiRequestHelper.java INFO  [TestNG-test=Smoke-1] Demo 160 - 
05-10-2023 22:07:52 ApiRequestHelper.java INFO  [TestNG-test=Smoke-1] Demo 161 - 
05-10-2023 22:07:52 Wire.java DEBUG [TestNG-test=Smoke-1] http.wire 73 -  << "b1b[\r][\n]"
05-10-2023 22:07:52 Wire.java DEBUG [TestNG-test=Smoke-1] http.wire 87 -  << "[{"id":1,"title":"Activity 1","dueDate":"2023-05-10T17:37:51.932645+00:00","completed":false},{"id":2,"title":"Activity 2","dueDate":"2023-05-10T18:37:51.9326472+00:00","completed":true},{"id":3,"title":"Activity 3","dueDate":"2023-05-10T19:37:51.9326476+00:00","completed":false},{"id":4,"title":"Activity 4","dueDate":"2023-05-10T20:37:51.9326479+00:00","completed":true},{"id":5,"title":"Activity 5","dueDate":"2023-05-10T21:37:51.9326481+00:00","completed":false},{"id":6,"title":"Activity 6","dueDate":"2023-05-10T22:37:51.9326487+00:00","completed":true},{"id":7,"title":"Activity 7","dueDate":"2023-05-10T23:37:51.9326489+00:00","completed":false},{"id":8,"title":"Activity 8","dueDate":"2023-05-11T00:37:51.9326492+00:00","completed":true},{"id":9,"title":"Activity 9","dueDate":"2023-05-11T01:37:51.9326495+00:00","completed":false},{"id":10,"title":"Activity 10","dueDate":"2023-05-11T02:37:51.93265+00:00","completed":true},{"id":11,"title":"Activity 11","dueDate":"2023-05-11T03:37:51.9326504+00:00","completed":false},{"id":12,"title":"Activity 12","dueDate":"2023-05-11T04:37:51.9326506+00:00","completed":true},{"id":13,"title":"Activity 13","dueDate":"2023-05-11T05:37:51.9326509+00:00","completed":false},{"id":14,"title":"Activity 14","dueDate":"2023-05-11T06:37:51.9326512+00:00","completed":true},{"id":15,"title":"Activity 15","dueDate":"2023-05-11T07:37:51.9326514+00:00","completed":false},{"id":16,"title":"Activity 16","dueDate":"2023-05-11T08:37:51.9326517+00:00","completed":true},{"id":17,"title":"Activity 17","dueDate":"2023-05-11T09:37:51.932652+00:00","completed":false},{"id":18,"title":"Activity 18","dueDate":"2023-05-11T10:37:51.9326524+00:00","completed":true},{"id":19,"title":"Activity 19","dueDate":"2023-05-11T11:37:51.9326526+00:00","completed":false},{"id":20,"title":"Activity 20","dueDate":"2023-05-11T12:37:51.9326529+00:00","completed":true},{"id":21,"title":"Activity 21","dueDate":"2023-05-11T13:37:51.9326532+00:00","completed":false},{"id":22,"title":"Activity 22","dueDate":"2023-05-11T14:37:51.9326534+00:00","completed":true},{"id":23,"title":"Activity 23","dueDate":"2023-05-11T15:37:51.9326537+00:00","completed":false},{"id":24,"title":"Activity 24","dueDate":"2023-05-11T16:37:51.9326539+00:00","completed":true},{"id":25,"title":"Activity 25","dueDate":"2023-05-11T17:37:51.9326542+00:00","completed":false},{"id":26,"title":"Activity 26","dueDate":"2023-05-11T18:37:51.9326545+00:00","completed":true},{"id":27,"title":"Activity 27","dueDate":"2023-05-11T19:37:51.9326547+00:00","completed":false},{"id":28,"title":"Activity 28","dueDate":"2023-05-11T20:37:51.932655+00:00","completed":true},{"id":29,"title":"Activity 29","dueDate":"2023-05-11T21:37:51.9326553+00:00","completed":false},{"id":30,"title":"Activity 30","dueDate":"2023-05-11T22:37:51.9326555+00:00","completed":true}]"
05-10-2023 22:07:52 Wire.java DEBUG [TestNG-test=Smoke-1] http.wire 73 -  << "[\r][\n]"
05-10-2023 22:07:52 Wire.java DEBUG [TestNG-test=Smoke-1] http.wire 73 -  << "0[\r][\n]"
05-10-2023 22:07:52 Wire.java DEBUG [TestNG-test=Smoke-1] http.wire 73 -  << "[\r][\n]"
05-10-2023 22:07:52 BasicClientConnectionManager.java DEBUG [TestNG-test=Smoke-1] conn.BasicClientConnectionManager 200 - Releasing connection org.apache.http.impl.conn.ManagedClientConnectionImpl@5796bcbe
05-10-2023 22:07:52 BasicClientConnectionManager.java DEBUG [TestNG-test=Smoke-1] conn.BasicClientConnectionManager 225 - Connection can be kept alive indefinitely
HTTP/1.1 200 OK
Content-Type: application/json; charset=utf-8; v=1.0
Date: Wed, 10 May 2023 16:37:51 GMT
Server: Kestrel
Transfer-Encoding: chunked
api-supported-versions: 1.0

[
    {
        "id": 1,
        "title": "Activity 1",
        "dueDate": "2023-05-10T17:37:51.932645+00:00",
        "completed": false
    },
    {
        "id": 2,
        "title": "Activity 2",
        "dueDate": "2023-05-10T18:37:51.9326472+00:00",
        "completed": true
    },
    {
        "id": 3,
        "title": "Activity 3",
        "dueDate": "2023-05-10T19:37:51.9326476+00:00",
        "completed": false
    },
    {
        "id": 4,
        "title": "Activity 4",
        "dueDate": "2023-05-10T20:37:51.9326479+00:00",
        "completed": true
    },
    {
        "id": 5,
        "title": "Activity 5",
        "dueDate": "2023-05-10T21:37:51.9326481+00:00",
        "completed": false
    },
    {
        "id": 6,
        "title": "Activity 6",
        "dueDate": "2023-05-10T22:37:51.9326487+00:00",
        "completed": true
    },
    {
        "id": 7,
        "title": "Activity 7",
        "dueDate": "2023-05-10T23:37:51.9326489+00:00",
        "completed": false
    },
    {
        "id": 8,
        "title": "Activity 8",
        "dueDate": "2023-05-11T00:37:51.9326492+00:00",
        "completed": true
    },
    {
        "id": 9,
        "title": "Activity 9",
        "dueDate": "2023-05-11T01:37:51.9326495+00:00",
        "completed": false
    },
    {
        "id": 10,
        "title": "Activity 10",
        "dueDate": "2023-05-11T02:37:51.93265+00:00",
        "completed": true
    },
    {
        "id": 11,
        "title": "Activity 11",
        "dueDate": "2023-05-11T03:37:51.9326504+00:00",
        "completed": false
    },
    {
        "id": 12,
        "title": "Activity 12",
        "dueDate": "2023-05-11T04:37:51.9326506+00:00",
        "completed": true
    },
    {
        "id": 13,
        "title": "Activity 13",
        "dueDate": "2023-05-11T05:37:51.9326509+00:00",
        "completed": false
    },
    {
        "id": 14,
        "title": "Activity 14",
        "dueDate": "2023-05-11T06:37:51.9326512+00:00",
        "completed": true
    },
    {
        "id": 15,
        "title": "Activity 15",
        "dueDate": "2023-05-11T07:37:51.9326514+00:00",
        "completed": false
    },
    {
        "id": 16,
        "title": "Activity 16",
        "dueDate": "2023-05-11T08:37:51.9326517+00:00",
        "completed": true
    },
    {
        "id": 17,
        "title": "Activity 17",
        "dueDate": "2023-05-11T09:37:51.932652+00:00",
        "completed": false
    },
    {
        "id": 18,
        "title": "Activity 18",
        "dueDate": "2023-05-11T10:37:51.9326524+00:00",
        "completed": true
    },
    {
        "id": 19,
        "title": "Activity 19",
        "dueDate": "2023-05-11T11:37:51.9326526+00:00",
        "completed": false
    },
    {
        "id": 20,
        "title": "Activity 20",
        "dueDate": "2023-05-11T12:37:51.9326529+00:00",
        "completed": true
    },
    {
        "id": 21,
        "title": "Activity 21",
        "dueDate": "2023-05-11T13:37:51.9326532+00:00",
        "completed": false
    },
    {
        "id": 22,
        "title": "Activity 22",
        "dueDate": "2023-05-11T14:37:51.9326534+00:00",
        "completed": true
    },
    {
        "id": 23,
        "title": "Activity 23",
        "dueDate": "2023-05-11T15:37:51.9326537+00:00",
        "completed": false
    },
    {
        "id": 24,
        "title": "Activity 24",
        "dueDate": "2023-05-11T16:37:51.9326539+00:00",
        "completed": true
    },
    {
        "id": 25,
        "title": "Activity 25",
        "dueDate": "2023-05-11T17:37:51.9326542+00:00",
        "completed": false
    },
    {
        "id": 26,
        "title": "Activity 26",
        "dueDate": "2023-05-11T18:37:51.9326545+00:00",
        "completed": true
    },
    {
        "id": 27,
        "title": "Activity 27",
        "dueDate": "2023-05-11T19:37:51.9326547+00:00",
        "completed": false
    },
    {
        "id": 28,
        "title": "Activity 28",
        "dueDate": "2023-05-11T20:37:51.932655+00:00",
        "completed": true
    },
    {
        "id": 29,
        "title": "Activity 29",
        "dueDate": "2023-05-11T21:37:51.9326553+00:00",
        "completed": false
    },
    {
        "id": 30,
        "title": "Activity 30",
        "dueDate": "2023-05-11T22:37:51.9326555+00:00",
        "completed": true
    }
]
05-10-2023 22:07:52 ApiRequestHelper.java INFO  [TestNG-test=Smoke-1] Demo 165 -  API Response Status Code : 200
05-10-2023 22:07:52 ApiRequestHelper.java INFO  [TestNG-test=Smoke-1] Demo 166 -  API Response Status Line : HTTP/1.1 200 OK
05-10-2023 22:07:52 ApiRequestHelper.java INFO  [TestNG-test=Smoke-1] Demo 167 -  API Response Cookie : {}
05-10-2023 22:07:52 ApiRequestHelper.java INFO  [TestNG-test=Smoke-1] Demo 168 -  API Response Time : 1759
05-10-2023 22:07:52 ApiRequestHelper.java INFO  [TestNG-test=Smoke-1] Demo 169 -  API Headers : Content-Type=application/json; charset=utf-8; v=1.0
Date=Wed, 10 May 2023 16:37:51 GMT
Server=Kestrel
Transfer-Encoding=chunked
api-supported-versions=1.0
[
    {
        "id": 1,
        "title": "Activity 1",
        "dueDate": "2023-05-10T17:37:51.932645+00:00",
        "completed": false
    },
    {
        "id": 2,
        "title": "Activity 2",
        "dueDate": "2023-05-10T18:37:51.9326472+00:00",
        "completed": true
    },
    {
        "id": 3,
        "title": "Activity 3",
        "dueDate": "2023-05-10T19:37:51.9326476+00:00",
        "completed": false
    },
    {
        "id": 4,
        "title": "Activity 4",
        "dueDate": "2023-05-10T20:37:51.9326479+00:00",
        "completed": true
    },
    {
        "id": 5,
        "title": "Activity 5",
        "dueDate": "2023-05-10T21:37:51.9326481+00:00",
        "completed": false
    },
    {
        "id": 6,
        "title": "Activity 6",
        "dueDate": "2023-05-10T22:37:51.9326487+00:00",
        "completed": true
    },
    {
        "id": 7,
        "title": "Activity 7",
        "dueDate": "2023-05-10T23:37:51.9326489+00:00",
        "completed": false
    },
    {
        "id": 8,
        "title": "Activity 8",
        "dueDate": "2023-05-11T00:37:51.9326492+00:00",
        "completed": true
    },
    {
        "id": 9,
        "title": "Activity 9",
        "dueDate": "2023-05-11T01:37:51.9326495+00:00",
        "completed": false
    },
    {
        "id": 10,
        "title": "Activity 10",
        "dueDate": "2023-05-11T02:37:51.93265+00:00",
        "completed": true
    },
    {
        "id": 11,
        "title": "Activity 11",
        "dueDate": "2023-05-11T03:37:51.9326504+00:00",
        "completed": false
    },
    {
        "id": 12,
        "title": "Activity 12",
        "dueDate": "2023-05-11T04:37:51.9326506+00:00",
        "completed": true
    },
    {
        "id": 13,
        "title": "Activity 13",
        "dueDate": "2023-05-11T05:37:51.9326509+00:00",
        "completed": false
    },
    {
        "id": 14,
        "title": "Activity 14",
        "dueDate": "2023-05-11T06:37:51.9326512+00:00",
        "completed": true
    },
    {
        "id": 15,
        "title": "Activity 15",
        "dueDate": "2023-05-11T07:37:51.9326514+00:00",
        "completed": false
    },
    {
        "id": 16,
        "title": "Activity 16",
        "dueDate": "2023-05-11T08:37:51.9326517+00:00",
        "completed": true
    },
    {
        "id": 17,
        "title": "Activity 17",
        "dueDate": "2023-05-11T09:37:51.932652+00:00",
        "completed": false
    },
    {
        "id": 18,
        "title": "Activity 18",
        "dueDate": "2023-05-11T10:37:51.9326524+00:00",
        "completed": true
    },
    {
        "id": 19,
        "title": "Activity 19",
        "dueDate": "2023-05-11T11:37:51.9326526+00:00",
        "completed": false
    },
    {
        "id": 20,
        "title": "Activity 20",
        "dueDate": "2023-05-11T12:37:51.9326529+00:00",
        "completed": true
    },
    {
        "id": 21,
        "title": "Activity 21",
        "dueDate": "2023-05-11T13:37:51.9326532+00:00",
        "completed": false
    },
    {
        "id": 22,
        "title": "Activity 22",
        "dueDate": "2023-05-11T14:37:51.9326534+00:00",
        "completed": true
    },
    {
        "id": 23,
        "title": "Activity 23",
        "dueDate": "2023-05-11T15:37:51.9326537+00:00",
        "completed": false
    },
    {
        "id": 24,
        "title": "Activity 24",
        "dueDate": "2023-05-11T16:37:51.9326539+00:00",
        "completed": true
    },
    {
        "id": 25,
        "title": "Activity 25",
        "dueDate": "2023-05-11T17:37:51.9326542+00:00",
        "completed": false
    },
    {
        "id": 26,
        "title": "Activity 26",
        "dueDate": "2023-05-11T18:37:51.9326545+00:00",
        "completed": true
    },
    {
        "id": 27,
        "title": "Activity 27",
        "dueDate": "2023-05-11T19:37:51.9326547+00:00",
        "completed": false
    },
    {
        "id": 28,
        "title": "Activity 28",
        "dueDate": "2023-05-11T20:37:51.932655+00:00",
        "completed": true
    },
    {
        "id": 29,
        "title": "Activity 29",
        "dueDate": "2023-05-11T21:37:51.9326553+00:00",
        "completed": false
    },
    {
        "id": 30,
        "title": "Activity 30",
        "dueDate": "2023-05-11T22:37:51.9326555+00:00",
        "completed": true
    }
]
[
    {
        "id": 1,
        "title": "Activity 1",
        "dueDate": "2023-05-10T17:37:51.932645+00:00",
        "completed": false
    },
    {
        "id": 2,
        "title": "Activity 2",
        "dueDate": "2023-05-10T18:37:51.9326472+00:00",
        "completed": true
    },
    {
        "id": 3,
        "title": "Activity 3",
        "dueDate": "2023-05-10T19:37:51.9326476+00:00",
        "completed": false
    },
    {
        "id": 4,
        "title": "Activity 4",
        "dueDate": "2023-05-10T20:37:51.9326479+00:00",
        "completed": true
    },
    {
        "id": 5,
        "title": "Activity 5",
        "dueDate": "2023-05-10T21:37:51.9326481+00:00",
        "completed": false
    },
    {
        "id": 6,
        "title": "Activity 6",
        "dueDate": "2023-05-10T22:37:51.9326487+00:00",
        "completed": true
    },
    {
        "id": 7,
        "title": "Activity 7",
        "dueDate": "2023-05-10T23:37:51.9326489+00:00",
        "completed": false
    },
    {
        "id": 8,
        "title": "Activity 8",
        "dueDate": "2023-05-11T00:37:51.9326492+00:00",
        "completed": true
    },
    {
        "id": 9,
        "title": "Activity 9",
        "dueDate": "2023-05-11T01:37:51.9326495+00:00",
        "completed": false
    },
    {
        "id": 10,
        "title": "Activity 10",
        "dueDate": "2023-05-11T02:37:51.93265+00:00",
        "completed": true
    },
    {
        "id": 11,
        "title": "Activity 11",
        "dueDate": "2023-05-11T03:37:51.9326504+00:00",
        "completed": false
    },
    {
        "id": 12,
        "title": "Activity 12",
        "dueDate": "2023-05-11T04:37:51.9326506+00:00",
        "completed": true
    },
    {
        "id": 13,
        "title": "Activity 13",
        "dueDate": "2023-05-11T05:37:51.9326509+00:00",
        "completed": false
    },
    {
        "id": 14,
        "title": "Activity 14",
        "dueDate": "2023-05-11T06:37:51.9326512+00:00",
        "completed": true
    },
    {
        "id": 15,
        "title": "Activity 15",
        "dueDate": "2023-05-11T07:37:51.9326514+00:00",
        "completed": false
    },
    {
        "id": 16,
        "title": "Activity 16",
        "dueDate": "2023-05-11T08:37:51.9326517+00:00",
        "completed": true
    },
    {
        "id": 17,
        "title": "Activity 17",
        "dueDate": "2023-05-11T09:37:51.932652+00:00",
        "completed": false
    },
    {
        "id": 18,
        "title": "Activity 18",
        "dueDate": "2023-05-11T10:37:51.9326524+00:00",
        "completed": true
    },
    {
        "id": 19,
        "title": "Activity 19",
        "dueDate": "2023-05-11T11:37:51.9326526+00:00",
        "completed": false
    },
    {
        "id": 20,
        "title": "Activity 20",
        "dueDate": "2023-05-11T12:37:51.9326529+00:00",
        "completed": true
    },
    {
        "id": 21,
        "title": "Activity 21",
        "dueDate": "2023-05-11T13:37:51.9326532+00:00",
        "completed": false
    },
    {
        "id": 22,
        "title": "Activity 22",
        "dueDate": "2023-05-11T14:37:51.9326534+00:00",
        "completed": true
    },
    {
        "id": 23,
        "title": "Activity 23",
        "dueDate": "2023-05-11T15:37:51.9326537+00:00",
        "completed": false
    },
    {
        "id": 24,
        "title": "Activity 24",
        "dueDate": "2023-05-11T16:37:51.9326539+00:00",
        "completed": true
    },
    {
        "id": 25,
        "title": "Activity 25",
        "dueDate": "2023-05-11T17:37:51.9326542+00:00",
        "completed": false
    },
    {
        "id": 26,
        "title": "Activity 26",
        "dueDate": "2023-05-11T18:37:51.9326545+00:00",
        "completed": true
    },
    {
        "id": 27,
        "title": "Activity 27",
        "dueDate": "2023-05-11T19:37:51.9326547+00:00",
        "completed": false
    },
    {
        "id": 28,
        "title": "Activity 28",
        "dueDate": "2023-05-11T20:37:51.932655+00:00",
        "completed": true
    },
    {
        "id": 29,
        "title": "Activity 29",
        "dueDate": "2023-05-11T21:37:51.9326553+00:00",
        "completed": false
    },
    {
        "id": 30,
        "title": "Activity 30",
        "dueDate": "2023-05-11T22:37:51.9326555+00:00",
        "completed": true
    }
]
05-10-2023 22:07:52 ApiRequestHelper.java INFO  [TestNG-test=Smoke-1] Demo 171 -  API Response Body : [
    {
        "id": 1,
        "title": "Activity 1",
        "dueDate": "2023-05-10T17:37:51.932645+00:00",
        "completed": false
    },
    {
        "id": 2,
        "title": "Activity 2",
        "dueDate": "2023-05-10T18:37:51.9326472+00:00",
        "completed": true
    },
    {
        "id": 3,
        "title": "Activity 3",
        "dueDate": "2023-05-10T19:37:51.9326476+00:00",
        "completed": false
    },
    {
        "id": 4,
        "title": "Activity 4",
        "dueDate": "2023-05-10T20:37:51.9326479+00:00",
        "completed": true
    },
    {
        "id": 5,
        "title": "Activity 5",
        "dueDate": "2023-05-10T21:37:51.9326481+00:00",
        "completed": false
    },
    {
        "id": 6,
        "title": "Activity 6",
        "dueDate": "2023-05-10T22:37:51.9326487+00:00",
        "completed": true
    },
    {
        "id": 7,
        "title": "Activity 7",
        "dueDate": "2023-05-10T23:37:51.9326489+00:00",
        "completed": false
    },
    {
        "id": 8,
        "title": "Activity 8",
        "dueDate": "2023-05-11T00:37:51.9326492+00:00",
        "completed": true
    },
    {
        "id": 9,
        "title": "Activity 9",
        "dueDate": "2023-05-11T01:37:51.9326495+00:00",
        "completed": false
    },
    {
        "id": 10,
        "title": "Activity 10",
        "dueDate": "2023-05-11T02:37:51.93265+00:00",
        "completed": true
    },
    {
        "id": 11,
        "title": "Activity 11",
        "dueDate": "2023-05-11T03:37:51.9326504+00:00",
        "completed": false
    },
    {
        "id": 12,
        "title": "Activity 12",
        "dueDate": "2023-05-11T04:37:51.9326506+00:00",
        "completed": true
    },
    {
        "id": 13,
        "title": "Activity 13",
        "dueDate": "2023-05-11T05:37:51.9326509+00:00",
        "completed": false
    },
    {
        "id": 14,
        "title": "Activity 14",
        "dueDate": "2023-05-11T06:37:51.9326512+00:00",
        "completed": true
    },
    {
        "id": 15,
        "title": "Activity 15",
        "dueDate": "2023-05-11T07:37:51.9326514+00:00",
        "completed": false
    },
    {
        "id": 16,
        "title": "Activity 16",
        "dueDate": "2023-05-11T08:37:51.9326517+00:00",
        "completed": true
    },
    {
        "id": 17,
        "title": "Activity 17",
        "dueDate": "2023-05-11T09:37:51.932652+00:00",
        "completed": false
    },
    {
        "id": 18,
        "title": "Activity 18",
        "dueDate": "2023-05-11T10:37:51.9326524+00:00",
        "completed": true
    },
    {
        "id": 19,
        "title": "Activity 19",
        "dueDate": "2023-05-11T11:37:51.9326526+00:00",
        "completed": false
    },
    {
        "id": 20,
        "title": "Activity 20",
        "dueDate": "2023-05-11T12:37:51.9326529+00:00",
        "completed": true
    },
    {
        "id": 21,
        "title": "Activity 21",
        "dueDate": "2023-05-11T13:37:51.9326532+00:00",
        "completed": false
    },
    {
        "id": 22,
        "title": "Activity 22",
        "dueDate": "2023-05-11T14:37:51.9326534+00:00",
        "completed": true
    },
    {
        "id": 23,
        "title": "Activity 23",
        "dueDate": "2023-05-11T15:37:51.9326537+00:00",
        "completed": false
    },
    {
        "id": 24,
        "title": "Activity 24",
        "dueDate": "2023-05-11T16:37:51.9326539+00:00",
        "completed": true
    },
    {
        "id": 25,
        "title": "Activity 25",
        "dueDate": "2023-05-11T17:37:51.9326542+00:00",
        "completed": false
    },
    {
        "id": 26,
        "title": "Activity 26",
        "dueDate": "2023-05-11T18:37:51.9326545+00:00",
        "completed": true
    },
    {
        "id": 27,
        "title": "Activity 27",
        "dueDate": "2023-05-11T19:37:51.9326547+00:00",
        "completed": false
    },
    {
        "id": 28,
        "title": "Activity 28",
        "dueDate": "2023-05-11T20:37:51.932655+00:00",
        "completed": true
    },
    {
        "id": 29,
        "title": "Activity 29",
        "dueDate": "2023-05-11T21:37:51.9326553+00:00",
        "completed": false
    },
    {
        "id": 30,
        "title": "Activity 30",
        "dueDate": "2023-05-11T22:37:51.9326555+00:00",
        "completed": true
    }
]
]]></system-out>
    <system-err><![CDATA[SLF4J: Failed to load class "org.slf4j.impl.StaticLoggerBinder".
SLF4J: Defaulting to no-operation (NOP) logger implementation
SLF4J: See http://www.slf4j.org/codes.html#StaticLoggerBinder for further details.
]]></system-err>
  </testcase>
  <testcase name="runScenario[&quot;Verify Activities POST API&quot;, &quot;Activities&quot;](2)" classname="com.demo.api.cucumber.stepsDefinition.CommonRunner" time="1.233">
    <system-out><![CDATA[05-10-2023 22:07:53 DemoStepsDefinition.java INFO  [TestNG-test=Smoke-1] Demo 38 -  Service Name : Activities POST API
05-10-2023 22:07:53 DemoStepsDefinition.java INFO  [TestNG-test=Smoke-1] Demo 39 -  Thread name : 13
05-10-2023 22:07:53 ApiRequestHelper.java INFO  [TestNG-test=Smoke-1] Demo 90 -  Request Body is : {
  "id" : 4,
  "title" : "HMSPK",
  "dueDate" : "2023-03-20T11:39:04.146Z",
  "completed" : true
}
05-10-2023 22:07:53 BasicClientConnectionManager.java DEBUG [TestNG-test=Smoke-1] conn.BasicClientConnectionManager 161 - Get connection for route {s}->https://fakerestapi.azurewebsites.net:443
05-10-2023 22:07:53 DefaultClientConnectionOperator.java DEBUG [TestNG-test=Smoke-1] conn.DefaultClientConnectionOperator 177 - Connecting to fakerestapi.azurewebsites.net:443
05-10-2023 22:07:54 RequestAddCookies.java DEBUG [TestNG-test=Smoke-1] protocol.RequestAddCookies 123 - CookieSpec selected: ignoreCookies
05-10-2023 22:07:54 RequestAuthCache.java DEBUG [TestNG-test=Smoke-1] protocol.RequestAuthCache 77 - Auth cache not set in the context
05-10-2023 22:07:54 RequestTargetAuthentication.java DEBUG [TestNG-test=Smoke-1] protocol.RequestTargetAuthentication 80 - Target auth state: UNCHALLENGED
05-10-2023 22:07:54 RequestProxyAuthentication.java DEBUG [TestNG-test=Smoke-1] protocol.RequestProxyAuthentication 89 - Proxy auth state: UNCHALLENGED
05-10-2023 22:07:54 DefaultRequestDirector.java DEBUG [TestNG-test=Smoke-1] client.DefaultHttpClient 677 - Attempt 1 to execute request
05-10-2023 22:07:54 DefaultClientConnection.java DEBUG [TestNG-test=Smoke-1] conn.DefaultClientConnection 274 - Sending request: POST /api/v1/activities HTTP/1.1
05-10-2023 22:07:54 Wire.java DEBUG [TestNG-test=Smoke-1] http.wire 73 -  >> "POST /api/v1/activities HTTP/1.1[\r][\n]"
05-10-2023 22:07:54 Wire.java DEBUG [TestNG-test=Smoke-1] http.wire 73 -  >> "Accept: */*[\r][\n]"
05-10-2023 22:07:54 Wire.java DEBUG [TestNG-test=Smoke-1] http.wire 73 -  >> "Content-Type: application/json; charset=utf-8; v=1.0[\r][\n]"
05-10-2023 22:07:54 Wire.java DEBUG [TestNG-test=Smoke-1] http.wire 73 -  >> "Content-Length: 104[\r][\n]"
05-10-2023 22:07:54 Wire.java DEBUG [TestNG-test=Smoke-1] http.wire 73 -  >> "Host: fakerestapi.azurewebsites.net[\r][\n]"
05-10-2023 22:07:54 Wire.java DEBUG [TestNG-test=Smoke-1] http.wire 73 -  >> "Connection: Keep-Alive[\r][\n]"
05-10-2023 22:07:54 Wire.java DEBUG [TestNG-test=Smoke-1] http.wire 73 -  >> "User-Agent: Apache-HttpClient/4.5.13 (Java/1.8.0_333)[\r][\n]"
05-10-2023 22:07:54 Wire.java DEBUG [TestNG-test=Smoke-1] http.wire 73 -  >> "Accept-Encoding: gzip,deflate[\r][\n]"
05-10-2023 22:07:54 Wire.java DEBUG [TestNG-test=Smoke-1] http.wire 73 -  >> "[\r][\n]"
05-10-2023 22:07:54 DefaultClientConnection.java DEBUG [TestNG-test=Smoke-1] http.headers 278 - >> POST /api/v1/activities HTTP/1.1
05-10-2023 22:07:54 DefaultClientConnection.java DEBUG [TestNG-test=Smoke-1] http.headers 281 - >> Accept: */*
05-10-2023 22:07:54 DefaultClientConnection.java DEBUG [TestNG-test=Smoke-1] http.headers 281 - >> Content-Type: application/json; charset=utf-8; v=1.0
05-10-2023 22:07:54 DefaultClientConnection.java DEBUG [TestNG-test=Smoke-1] http.headers 281 - >> Content-Length: 104
05-10-2023 22:07:54 DefaultClientConnection.java DEBUG [TestNG-test=Smoke-1] http.headers 281 - >> Host: fakerestapi.azurewebsites.net
05-10-2023 22:07:54 DefaultClientConnection.java DEBUG [TestNG-test=Smoke-1] http.headers 281 - >> Connection: Keep-Alive
05-10-2023 22:07:54 DefaultClientConnection.java DEBUG [TestNG-test=Smoke-1] http.headers 281 - >> User-Agent: Apache-HttpClient/4.5.13 (Java/1.8.0_333)
05-10-2023 22:07:54 DefaultClientConnection.java DEBUG [TestNG-test=Smoke-1] http.headers 281 - >> Accept-Encoding: gzip,deflate
05-10-2023 22:07:54 Wire.java DEBUG [TestNG-test=Smoke-1] http.wire 73 -  >> "{[\r][\n]"
05-10-2023 22:07:54 Wire.java DEBUG [TestNG-test=Smoke-1] http.wire 73 -  >> "  "id" : 4,[\r][\n]"
05-10-2023 22:07:54 Wire.java DEBUG [TestNG-test=Smoke-1] http.wire 73 -  >> "  "title" : "HMSPK",[\r][\n]"
05-10-2023 22:07:54 Wire.java DEBUG [TestNG-test=Smoke-1] http.wire 73 -  >> "  "dueDate" : "2023-03-20T11:39:04.146Z",[\r][\n]"
05-10-2023 22:07:54 Wire.java DEBUG [TestNG-test=Smoke-1] http.wire 73 -  >> "  "completed" : true[\r][\n]"
05-10-2023 22:07:54 Wire.java DEBUG [TestNG-test=Smoke-1] http.wire 87 -  >> "}"
05-10-2023 22:07:54 Wire.java DEBUG [TestNG-test=Smoke-1] http.wire 73 -  << "HTTP/1.1 200 OK[\r][\n]"
05-10-2023 22:07:54 Wire.java DEBUG [TestNG-test=Smoke-1] http.wire 73 -  << "Content-Type: application/json; charset=utf-8; v=1.0[\r][\n]"
05-10-2023 22:07:54 Wire.java DEBUG [TestNG-test=Smoke-1] http.wire 73 -  << "Date: Wed, 10 May 2023 16:37:54 GMT[\r][\n]"
05-10-2023 22:07:54 Wire.java DEBUG [TestNG-test=Smoke-1] http.wire 73 -  << "Server: Kestrel[\r][\n]"
05-10-2023 22:07:54 Wire.java DEBUG [TestNG-test=Smoke-1] http.wire 73 -  << "Transfer-Encoding: chunked[\r][\n]"
05-10-2023 22:07:54 Wire.java DEBUG [TestNG-test=Smoke-1] http.wire 73 -  << "api-supported-versions: 1.0[\r][\n]"
05-10-2023 22:07:54 Wire.java DEBUG [TestNG-test=Smoke-1] http.wire 73 -  << "[\r][\n]"
05-10-2023 22:07:54 DefaultClientConnection.java DEBUG [TestNG-test=Smoke-1] conn.DefaultClientConnection 259 - Receiving response: HTTP/1.1 200 OK
05-10-2023 22:07:54 DefaultClientConnection.java DEBUG [TestNG-test=Smoke-1] http.headers 262 - << HTTP/1.1 200 OK
05-10-2023 22:07:54 DefaultClientConnection.java DEBUG [TestNG-test=Smoke-1] http.headers 265 - << Content-Type: application/json; charset=utf-8; v=1.0
05-10-2023 22:07:54 DefaultClientConnection.java DEBUG [TestNG-test=Smoke-1] http.headers 265 - << Date: Wed, 10 May 2023 16:37:54 GMT
05-10-2023 22:07:54 DefaultClientConnection.java DEBUG [TestNG-test=Smoke-1] http.headers 265 - << Server: Kestrel
05-10-2023 22:07:54 DefaultClientConnection.java DEBUG [TestNG-test=Smoke-1] http.headers 265 - << Transfer-Encoding: chunked
05-10-2023 22:07:54 DefaultClientConnection.java DEBUG [TestNG-test=Smoke-1] http.headers 265 - << api-supported-versions: 1.0
05-10-2023 22:07:54 DefaultRequestDirector.java DEBUG [TestNG-test=Smoke-1] client.DefaultHttpClient 504 - Connection can be kept alive indefinitely
05-10-2023 22:07:54 HTTPBuilder.java DEBUG [TestNG-test=Smoke-1] internal.RestAssuredHttpBuilder 553 - Parsing response as: application/json; charset=utf-8; v=1.0
05-10-2023 22:07:54 HTTPBuilder.java DEBUG [TestNG-test=Smoke-1] internal.RestAssuredHttpBuilder 556 - Parsed data to instance of: class org.apache.http.conn.EofSensorInputStream
05-10-2023 22:07:54 ApiRequestHelper.java INFO  [TestNG-test=Smoke-1] Demo 158 - 
05-10-2023 22:07:54 ApiRequestHelper.java INFO  [TestNG-test=Smoke-1] Demo 159 - http://localhost
05-10-2023 22:07:54 ApiRequestHelper.java INFO  [TestNG-test=Smoke-1] Demo 160 - 
05-10-2023 22:07:54 ApiRequestHelper.java INFO  [TestNG-test=Smoke-1] Demo 161 - {
  "id" : 4,
  "title" : "HMSPK",
  "dueDate" : "2023-03-20T11:39:04.146Z",
  "completed" : true
}
05-10-2023 22:07:54 Wire.java DEBUG [TestNG-test=Smoke-1] http.wire 73 -  << "4e[\r][\n]"
05-10-2023 22:07:54 Wire.java DEBUG [TestNG-test=Smoke-1] http.wire 87 -  << "{"id":4,"title":"HMSPK","dueDate":"2023-03-20T11:39:04.146Z","completed":true}"
05-10-2023 22:07:54 Wire.java DEBUG [TestNG-test=Smoke-1] http.wire 73 -  << "[\r][\n]"
05-10-2023 22:07:54 Wire.java DEBUG [TestNG-test=Smoke-1] http.wire 73 -  << "0[\r][\n]"
05-10-2023 22:07:54 Wire.java DEBUG [TestNG-test=Smoke-1] http.wire 73 -  << "[\r][\n]"
05-10-2023 22:07:54 BasicClientConnectionManager.java DEBUG [TestNG-test=Smoke-1] conn.BasicClientConnectionManager 200 - Releasing connection org.apache.http.impl.conn.ManagedClientConnectionImpl@202df91b
05-10-2023 22:07:54 BasicClientConnectionManager.java DEBUG [TestNG-test=Smoke-1] conn.BasicClientConnectionManager 225 - Connection can be kept alive indefinitely
HTTP/1.1 200 OK
Content-Type: application/json; charset=utf-8; v=1.0
Date: Wed, 10 May 2023 16:37:54 GMT
Server: Kestrel
Transfer-Encoding: chunked
api-supported-versions: 1.0

{
    "id": 4,
    "title": "HMSPK",
    "dueDate": "2023-03-20T11:39:04.146Z",
    "completed": true
}
05-10-2023 22:07:54 ApiRequestHelper.java INFO  [TestNG-test=Smoke-1] Demo 165 -  API Response Status Code : 200
05-10-2023 22:07:54 ApiRequestHelper.java INFO  [TestNG-test=Smoke-1] Demo 166 -  API Response Status Line : HTTP/1.1 200 OK
05-10-2023 22:07:54 ApiRequestHelper.java INFO  [TestNG-test=Smoke-1] Demo 167 -  API Response Cookie : {}
05-10-2023 22:07:54 ApiRequestHelper.java INFO  [TestNG-test=Smoke-1] Demo 168 -  API Response Time : 920
05-10-2023 22:07:54 ApiRequestHelper.java INFO  [TestNG-test=Smoke-1] Demo 169 -  API Headers : Content-Type=application/json; charset=utf-8; v=1.0
Date=Wed, 10 May 2023 16:37:54 GMT
Server=Kestrel
Transfer-Encoding=chunked
api-supported-versions=1.0
{
    "id": 4,
    "title": "HMSPK",
    "dueDate": "2023-03-20T11:39:04.146Z",
    "completed": true
}
{
    "id": 4,
    "title": "HMSPK",
    "dueDate": "2023-03-20T11:39:04.146Z",
    "completed": true
}
05-10-2023 22:07:54 ApiRequestHelper.java INFO  [TestNG-test=Smoke-1] Demo 171 -  API Response Body : {
    "id": 4,
    "title": "HMSPK",
    "dueDate": "2023-03-20T11:39:04.146Z",
    "completed": true
}
]]></system-out>
  </testcase>
  <testcase name="runScenario[&quot;Verify Activity details GET API&quot;, &quot;Activities&quot;](3)" classname="com.demo.api.cucumber.stepsDefinition.CommonRunner" time="1.815">
    <system-out><![CDATA[05-10-2023 22:07:54 DemoStepsDefinition.java INFO  [TestNG-test=Smoke-1] Demo 38 -  Service Name : Activity details GET API
05-10-2023 22:07:54 DemoStepsDefinition.java INFO  [TestNG-test=Smoke-1] Demo 39 -  Thread name : 13
05-10-2023 22:07:54 ApiRequestHelper.java INFO  [TestNG-test=Smoke-1] Demo 90 -  Request Body is : null
05-10-2023 22:07:54 BasicClientConnectionManager.java DEBUG [TestNG-test=Smoke-1] conn.BasicClientConnectionManager 161 - Get connection for route {s}->https://fakerestapi.azurewebsites.net:443
05-10-2023 22:07:54 DefaultClientConnectionOperator.java DEBUG [TestNG-test=Smoke-1] conn.DefaultClientConnectionOperator 177 - Connecting to fakerestapi.azurewebsites.net:443
05-10-2023 22:07:55 RequestAddCookies.java DEBUG [TestNG-test=Smoke-1] protocol.RequestAddCookies 123 - CookieSpec selected: ignoreCookies
05-10-2023 22:07:55 RequestAuthCache.java DEBUG [TestNG-test=Smoke-1] protocol.RequestAuthCache 77 - Auth cache not set in the context
05-10-2023 22:07:55 RequestTargetAuthentication.java DEBUG [TestNG-test=Smoke-1] protocol.RequestTargetAuthentication 80 - Target auth state: UNCHALLENGED
05-10-2023 22:07:55 RequestProxyAuthentication.java DEBUG [TestNG-test=Smoke-1] protocol.RequestProxyAuthentication 89 - Proxy auth state: UNCHALLENGED
05-10-2023 22:07:55 DefaultRequestDirector.java DEBUG [TestNG-test=Smoke-1] client.DefaultHttpClient 677 - Attempt 1 to execute request
05-10-2023 22:07:55 DefaultClientConnection.java DEBUG [TestNG-test=Smoke-1] conn.DefaultClientConnection 274 - Sending request: POST /api/v1/activities/4 HTTP/1.1
05-10-2023 22:07:55 Wire.java DEBUG [TestNG-test=Smoke-1] http.wire 73 -  >> "POST /api/v1/activities/4 HTTP/1.1[\r][\n]"
05-10-2023 22:07:55 Wire.java DEBUG [TestNG-test=Smoke-1] http.wire 73 -  >> "Content-Type: application/x-www-form-urlencoded; charset=ISO-8859-1[\r][\n]"
05-10-2023 22:07:55 Wire.java DEBUG [TestNG-test=Smoke-1] http.wire 73 -  >> "Accept: */*[\r][\n]"
05-10-2023 22:07:55 Wire.java DEBUG [TestNG-test=Smoke-1] http.wire 73 -  >> "Content-Length: 0[\r][\n]"
05-10-2023 22:07:55 Wire.java DEBUG [TestNG-test=Smoke-1] http.wire 73 -  >> "Host: fakerestapi.azurewebsites.net[\r][\n]"
05-10-2023 22:07:55 Wire.java DEBUG [TestNG-test=Smoke-1] http.wire 73 -  >> "Connection: Keep-Alive[\r][\n]"
05-10-2023 22:07:55 Wire.java DEBUG [TestNG-test=Smoke-1] http.wire 73 -  >> "User-Agent: Apache-HttpClient/4.5.13 (Java/1.8.0_333)[\r][\n]"
05-10-2023 22:07:55 Wire.java DEBUG [TestNG-test=Smoke-1] http.wire 73 -  >> "Accept-Encoding: gzip,deflate[\r][\n]"
05-10-2023 22:07:55 Wire.java DEBUG [TestNG-test=Smoke-1] http.wire 73 -  >> "[\r][\n]"
05-10-2023 22:07:55 DefaultClientConnection.java DEBUG [TestNG-test=Smoke-1] http.headers 278 - >> POST /api/v1/activities/4 HTTP/1.1
05-10-2023 22:07:55 DefaultClientConnection.java DEBUG [TestNG-test=Smoke-1] http.headers 281 - >> Content-Type: application/x-www-form-urlencoded; charset=ISO-8859-1
05-10-2023 22:07:55 DefaultClientConnection.java DEBUG [TestNG-test=Smoke-1] http.headers 281 - >> Accept: */*
05-10-2023 22:07:55 DefaultClientConnection.java DEBUG [TestNG-test=Smoke-1] http.headers 281 - >> Content-Length: 0
05-10-2023 22:07:55 DefaultClientConnection.java DEBUG [TestNG-test=Smoke-1] http.headers 281 - >> Host: fakerestapi.azurewebsites.net
05-10-2023 22:07:55 DefaultClientConnection.java DEBUG [TestNG-test=Smoke-1] http.headers 281 - >> Connection: Keep-Alive
05-10-2023 22:07:55 DefaultClientConnection.java DEBUG [TestNG-test=Smoke-1] http.headers 281 - >> User-Agent: Apache-HttpClient/4.5.13 (Java/1.8.0_333)
05-10-2023 22:07:55 DefaultClientConnection.java DEBUG [TestNG-test=Smoke-1] http.headers 281 - >> Accept-Encoding: gzip,deflate
05-10-2023 22:07:55 Wire.java DEBUG [TestNG-test=Smoke-1] http.wire 73 -  << "HTTP/1.1 405 Method Not Allowed[\r][\n]"
05-10-2023 22:07:55 Wire.java DEBUG [TestNG-test=Smoke-1] http.wire 73 -  << "Content-Length: 0[\r][\n]"
05-10-2023 22:07:55 Wire.java DEBUG [TestNG-test=Smoke-1] http.wire 73 -  << "Date: Wed, 10 May 2023 16:37:55 GMT[\r][\n]"
05-10-2023 22:07:55 Wire.java DEBUG [TestNG-test=Smoke-1] http.wire 73 -  << "Server: Kestrel[\r][\n]"
05-10-2023 22:07:55 Wire.java DEBUG [TestNG-test=Smoke-1] http.wire 73 -  << "Allow: DELETE, GET, PUT[\r][\n]"
05-10-2023 22:07:55 Wire.java DEBUG [TestNG-test=Smoke-1] http.wire 73 -  << "[\r][\n]"
05-10-2023 22:07:55 DefaultClientConnection.java DEBUG [TestNG-test=Smoke-1] conn.DefaultClientConnection 259 - Receiving response: HTTP/1.1 405 Method Not Allowed
05-10-2023 22:07:55 DefaultClientConnection.java DEBUG [TestNG-test=Smoke-1] http.headers 262 - << HTTP/1.1 405 Method Not Allowed
05-10-2023 22:07:55 DefaultClientConnection.java DEBUG [TestNG-test=Smoke-1] http.headers 265 - << Content-Length: 0
05-10-2023 22:07:55 DefaultClientConnection.java DEBUG [TestNG-test=Smoke-1] http.headers 265 - << Date: Wed, 10 May 2023 16:37:55 GMT
05-10-2023 22:07:55 DefaultClientConnection.java DEBUG [TestNG-test=Smoke-1] http.headers 265 - << Server: Kestrel
05-10-2023 22:07:55 DefaultClientConnection.java DEBUG [TestNG-test=Smoke-1] http.headers 265 - << Allow: DELETE, GET, PUT
05-10-2023 22:07:55 DefaultRequestDirector.java DEBUG [TestNG-test=Smoke-1] client.DefaultHttpClient 504 - Connection can be kept alive indefinitely
05-10-2023 22:07:55 ApiRequestHelper.java INFO  [TestNG-test=Smoke-1] Demo 158 - 
05-10-2023 22:07:55 ApiRequestHelper.java INFO  [TestNG-test=Smoke-1] Demo 159 - http://localhost
05-10-2023 22:07:55 ApiRequestHelper.java INFO  [TestNG-test=Smoke-1] Demo 160 - 
05-10-2023 22:07:55 ApiRequestHelper.java INFO  [TestNG-test=Smoke-1] Demo 161 - 
HTTP/1.1 405 Method Not Allowed
Content-Length: 0
Date: Wed, 10 May 2023 16:37:55 GMT
Server: Kestrel
Allow: DELETE, GET, PUT
05-10-2023 22:07:55 ApiRequestHelper.java INFO  [TestNG-test=Smoke-1] Demo 165 -  API Response Status Code : 405
05-10-2023 22:07:55 ApiRequestHelper.java INFO  [TestNG-test=Smoke-1] Demo 166 -  API Response Status Line : HTTP/1.1 405 Method Not Allowed
05-10-2023 22:07:55 ApiRequestHelper.java INFO  [TestNG-test=Smoke-1] Demo 167 -  API Response Cookie : {}
05-10-2023 22:07:55 ApiRequestHelper.java INFO  [TestNG-test=Smoke-1] Demo 168 -  API Response Time : 861
05-10-2023 22:07:55 ApiRequestHelper.java INFO  [TestNG-test=Smoke-1] Demo 169 -  API Headers : Content-Length=0
Date=Wed, 10 May 2023 16:37:55 GMT
Server=Kestrel
Allow=DELETE, GET, PUT


05-10-2023 22:07:55 ApiRequestHelper.java INFO  [TestNG-test=Smoke-1] Demo 171 -  API Response Body : 
05-10-2023 22:07:55 ApiRequestHelper.java INFO  [TestNG-test=Smoke-1] Demo 90 -  Request Body is : null
05-10-2023 22:07:55 BasicClientConnectionManager.java DEBUG [TestNG-test=Smoke-1] conn.BasicClientConnectionManager 161 - Get connection for route {s}->https://fakerestapi.azurewebsites.net:443
05-10-2023 22:07:55 DefaultClientConnectionOperator.java DEBUG [TestNG-test=Smoke-1] conn.DefaultClientConnectionOperator 177 - Connecting to fakerestapi.azurewebsites.net:443
05-10-2023 22:07:56 RequestAddCookies.java DEBUG [TestNG-test=Smoke-1] protocol.RequestAddCookies 123 - CookieSpec selected: ignoreCookies
05-10-2023 22:07:56 RequestAuthCache.java DEBUG [TestNG-test=Smoke-1] protocol.RequestAuthCache 77 - Auth cache not set in the context
05-10-2023 22:07:56 RequestTargetAuthentication.java DEBUG [TestNG-test=Smoke-1] protocol.RequestTargetAuthentication 80 - Target auth state: UNCHALLENGED
05-10-2023 22:07:56 RequestProxyAuthentication.java DEBUG [TestNG-test=Smoke-1] protocol.RequestProxyAuthentication 89 - Proxy auth state: UNCHALLENGED
05-10-2023 22:07:56 DefaultRequestDirector.java DEBUG [TestNG-test=Smoke-1] client.DefaultHttpClient 677 - Attempt 1 to execute request
05-10-2023 22:07:56 DefaultClientConnection.java DEBUG [TestNG-test=Smoke-1] conn.DefaultClientConnection 274 - Sending request: GET /api/v1/activities/4 HTTP/1.1
05-10-2023 22:07:56 Wire.java DEBUG [TestNG-test=Smoke-1] http.wire 73 -  >> "GET /api/v1/activities/4 HTTP/1.1[\r][\n]"
05-10-2023 22:07:56 Wire.java DEBUG [TestNG-test=Smoke-1] http.wire 73 -  >> "Accept: */*[\r][\n]"
05-10-2023 22:07:56 Wire.java DEBUG [TestNG-test=Smoke-1] http.wire 73 -  >> "Host: fakerestapi.azurewebsites.net[\r][\n]"
05-10-2023 22:07:56 Wire.java DEBUG [TestNG-test=Smoke-1] http.wire 73 -  >> "Connection: Keep-Alive[\r][\n]"
05-10-2023 22:07:56 Wire.java DEBUG [TestNG-test=Smoke-1] http.wire 73 -  >> "User-Agent: Apache-HttpClient/4.5.13 (Java/1.8.0_333)[\r][\n]"
05-10-2023 22:07:56 Wire.java DEBUG [TestNG-test=Smoke-1] http.wire 73 -  >> "Accept-Encoding: gzip,deflate[\r][\n]"
05-10-2023 22:07:56 Wire.java DEBUG [TestNG-test=Smoke-1] http.wire 73 -  >> "[\r][\n]"
05-10-2023 22:07:56 DefaultClientConnection.java DEBUG [TestNG-test=Smoke-1] http.headers 278 - >> GET /api/v1/activities/4 HTTP/1.1
05-10-2023 22:07:56 DefaultClientConnection.java DEBUG [TestNG-test=Smoke-1] http.headers 281 - >> Accept: */*
05-10-2023 22:07:56 DefaultClientConnection.java DEBUG [TestNG-test=Smoke-1] http.headers 281 - >> Host: fakerestapi.azurewebsites.net
05-10-2023 22:07:56 DefaultClientConnection.java DEBUG [TestNG-test=Smoke-1] http.headers 281 - >> Connection: Keep-Alive
05-10-2023 22:07:56 DefaultClientConnection.java DEBUG [TestNG-test=Smoke-1] http.headers 281 - >> User-Agent: Apache-HttpClient/4.5.13 (Java/1.8.0_333)
05-10-2023 22:07:56 DefaultClientConnection.java DEBUG [TestNG-test=Smoke-1] http.headers 281 - >> Accept-Encoding: gzip,deflate
05-10-2023 22:07:56 Wire.java DEBUG [TestNG-test=Smoke-1] http.wire 73 -  << "HTTP/1.1 200 OK[\r][\n]"
05-10-2023 22:07:56 Wire.java DEBUG [TestNG-test=Smoke-1] http.wire 73 -  << "Content-Type: application/json; charset=utf-8; v=1.0[\r][\n]"
05-10-2023 22:07:56 Wire.java DEBUG [TestNG-test=Smoke-1] http.wire 73 -  << "Date: Wed, 10 May 2023 16:37:56 GMT[\r][\n]"
05-10-2023 22:07:56 Wire.java DEBUG [TestNG-test=Smoke-1] http.wire 73 -  << "Server: Kestrel[\r][\n]"
05-10-2023 22:07:56 Wire.java DEBUG [TestNG-test=Smoke-1] http.wire 73 -  << "Transfer-Encoding: chunked[\r][\n]"
05-10-2023 22:07:56 Wire.java DEBUG [TestNG-test=Smoke-1] http.wire 73 -  << "api-supported-versions: 1.0[\r][\n]"
05-10-2023 22:07:56 Wire.java DEBUG [TestNG-test=Smoke-1] http.wire 73 -  << "[\r][\n]"
05-10-2023 22:07:56 DefaultClientConnection.java DEBUG [TestNG-test=Smoke-1] conn.DefaultClientConnection 259 - Receiving response: HTTP/1.1 200 OK
05-10-2023 22:07:56 DefaultClientConnection.java DEBUG [TestNG-test=Smoke-1] http.headers 262 - << HTTP/1.1 200 OK
05-10-2023 22:07:56 DefaultClientConnection.java DEBUG [TestNG-test=Smoke-1] http.headers 265 - << Content-Type: application/json; charset=utf-8; v=1.0
05-10-2023 22:07:56 DefaultClientConnection.java DEBUG [TestNG-test=Smoke-1] http.headers 265 - << Date: Wed, 10 May 2023 16:37:56 GMT
05-10-2023 22:07:56 DefaultClientConnection.java DEBUG [TestNG-test=Smoke-1] http.headers 265 - << Server: Kestrel
05-10-2023 22:07:56 DefaultClientConnection.java DEBUG [TestNG-test=Smoke-1] http.headers 265 - << Transfer-Encoding: chunked
05-10-2023 22:07:56 DefaultClientConnection.java DEBUG [TestNG-test=Smoke-1] http.headers 265 - << api-supported-versions: 1.0
05-10-2023 22:07:56 DefaultRequestDirector.java DEBUG [TestNG-test=Smoke-1] client.DefaultHttpClient 504 - Connection can be kept alive indefinitely
05-10-2023 22:07:56 HTTPBuilder.java DEBUG [TestNG-test=Smoke-1] internal.RestAssuredHttpBuilder 553 - Parsing response as: application/json; charset=utf-8; v=1.0
05-10-2023 22:07:56 HTTPBuilder.java DEBUG [TestNG-test=Smoke-1] internal.RestAssuredHttpBuilder 556 - Parsed data to instance of: class org.apache.http.conn.EofSensorInputStream
05-10-2023 22:07:56 ApiRequestHelper.java INFO  [TestNG-test=Smoke-1] Demo 158 - 
05-10-2023 22:07:56 ApiRequestHelper.java INFO  [TestNG-test=Smoke-1] Demo 159 - http://localhost
05-10-2023 22:07:56 ApiRequestHelper.java INFO  [TestNG-test=Smoke-1] Demo 160 - 
05-10-2023 22:07:56 ApiRequestHelper.java INFO  [TestNG-test=Smoke-1] Demo 161 - 
05-10-2023 22:07:56 Wire.java DEBUG [TestNG-test=Smoke-1] http.wire 73 -  << "5c[\r][\n]"
05-10-2023 22:07:56 Wire.java DEBUG [TestNG-test=Smoke-1] http.wire 87 -  << "{"id":4,"title":"Activity 4","dueDate":"2023-05-10T20:37:56.2792522+00:00","completed":true}"
05-10-2023 22:07:56 Wire.java DEBUG [TestNG-test=Smoke-1] http.wire 73 -  << "[\r][\n]"
05-10-2023 22:07:56 Wire.java DEBUG [TestNG-test=Smoke-1] http.wire 73 -  << "0[\r][\n]"
05-10-2023 22:07:56 Wire.java DEBUG [TestNG-test=Smoke-1] http.wire 73 -  << "[\r][\n]"
05-10-2023 22:07:56 BasicClientConnectionManager.java DEBUG [TestNG-test=Smoke-1] conn.BasicClientConnectionManager 200 - Releasing connection org.apache.http.impl.conn.ManagedClientConnectionImpl@773c784c
05-10-2023 22:07:56 BasicClientConnectionManager.java DEBUG [TestNG-test=Smoke-1] conn.BasicClientConnectionManager 225 - Connection can be kept alive indefinitely
HTTP/1.1 200 OK
Content-Type: application/json; charset=utf-8; v=1.0
Date: Wed, 10 May 2023 16:37:56 GMT
Server: Kestrel
Transfer-Encoding: chunked
api-supported-versions: 1.0

{
    "id": 4,
    "title": "Activity 4",
    "dueDate": "2023-05-10T20:37:56.2792522+00:00",
    "completed": true
}
05-10-2023 22:07:56 ApiRequestHelper.java INFO  [TestNG-test=Smoke-1] Demo 165 -  API Response Status Code : 200
05-10-2023 22:07:56 ApiRequestHelper.java INFO  [TestNG-test=Smoke-1] Demo 166 -  API Response Status Line : HTTP/1.1 200 OK
05-10-2023 22:07:56 ApiRequestHelper.java INFO  [TestNG-test=Smoke-1] Demo 167 -  API Response Cookie : {}
05-10-2023 22:07:56 ApiRequestHelper.java INFO  [TestNG-test=Smoke-1] Demo 168 -  API Response Time : 853
05-10-2023 22:07:56 ApiRequestHelper.java INFO  [TestNG-test=Smoke-1] Demo 169 -  API Headers : Content-Type=application/json; charset=utf-8; v=1.0
Date=Wed, 10 May 2023 16:37:56 GMT
Server=Kestrel
Transfer-Encoding=chunked
api-supported-versions=1.0
{
    "id": 4,
    "title": "Activity 4",
    "dueDate": "2023-05-10T20:37:56.2792522+00:00",
    "completed": true
}
{
    "id": 4,
    "title": "Activity 4",
    "dueDate": "2023-05-10T20:37:56.2792522+00:00",
    "completed": true
}
05-10-2023 22:07:56 ApiRequestHelper.java INFO  [TestNG-test=Smoke-1] Demo 171 -  API Response Body : {
    "id": 4,
    "title": "Activity 4",
    "dueDate": "2023-05-10T20:37:56.2792522+00:00",
    "completed": true
}
]]></system-out>
  </testcase>
  <testcase name="runScenario[&quot;Verify Activities PUT API&quot;, &quot;Activities&quot;](4)" classname="com.demo.api.cucumber.stepsDefinition.CommonRunner" time="1.002">
    <system-out><![CDATA[05-10-2023 22:07:56 DefaultClientConnection.java DEBUG [Finalizer] conn.DefaultClientConnection 180 - Connection 0.0.0.0:53495<->20.50.2.11:443 closed
05-10-2023 22:07:56 DemoStepsDefinition.java INFO  [TestNG-test=Smoke-1] Demo 38 -  Service Name : Activities PUT API
05-10-2023 22:07:56 DemoStepsDefinition.java INFO  [TestNG-test=Smoke-1] Demo 39 -  Thread name : 13
05-10-2023 22:07:56 DefaultClientConnection.java DEBUG [Finalizer] conn.DefaultClientConnection 180 - Connection 0.0.0.0:53493<->20.50.2.11:443 closed
05-10-2023 22:07:56 ApiRequestHelper.java INFO  [TestNG-test=Smoke-1] Demo 90 -  Request Body is : {
  "id" : 4,
  "title" : "Activityy",
  "dueDate" : "2023-03-21T17:58:49.5418856+00:00",
  "completed" : true
}
05-10-2023 22:07:56 BasicClientConnectionManager.java DEBUG [TestNG-test=Smoke-1] conn.BasicClientConnectionManager 161 - Get connection for route {s}->https://fakerestapi.azurewebsites.net:443
05-10-2023 22:07:56 DefaultClientConnectionOperator.java DEBUG [TestNG-test=Smoke-1] conn.DefaultClientConnectionOperator 177 - Connecting to fakerestapi.azurewebsites.net:443
05-10-2023 22:07:57 RequestAddCookies.java DEBUG [TestNG-test=Smoke-1] protocol.RequestAddCookies 123 - CookieSpec selected: ignoreCookies
05-10-2023 22:07:57 RequestAuthCache.java DEBUG [TestNG-test=Smoke-1] protocol.RequestAuthCache 77 - Auth cache not set in the context
05-10-2023 22:07:57 RequestTargetAuthentication.java DEBUG [TestNG-test=Smoke-1] protocol.RequestTargetAuthentication 80 - Target auth state: UNCHALLENGED
05-10-2023 22:07:57 RequestProxyAuthentication.java DEBUG [TestNG-test=Smoke-1] protocol.RequestProxyAuthentication 89 - Proxy auth state: UNCHALLENGED
05-10-2023 22:07:57 DefaultRequestDirector.java DEBUG [TestNG-test=Smoke-1] client.DefaultHttpClient 677 - Attempt 1 to execute request
05-10-2023 22:07:57 DefaultClientConnection.java DEBUG [TestNG-test=Smoke-1] conn.DefaultClientConnection 274 - Sending request: PUT /api/v1/activities/4 HTTP/1.1
05-10-2023 22:07:57 Wire.java DEBUG [TestNG-test=Smoke-1] http.wire 73 -  >> "PUT /api/v1/activities/4 HTTP/1.1[\r][\n]"
05-10-2023 22:07:57 Wire.java DEBUG [TestNG-test=Smoke-1] http.wire 73 -  >> "Accept: */*[\r][\n]"
05-10-2023 22:07:57 Wire.java DEBUG [TestNG-test=Smoke-1] http.wire 73 -  >> "Content-Type: application/json[\r][\n]"
05-10-2023 22:07:57 Wire.java DEBUG [TestNG-test=Smoke-1] http.wire 73 -  >> "Content-Length: 117[\r][\n]"
05-10-2023 22:07:57 Wire.java DEBUG [TestNG-test=Smoke-1] http.wire 73 -  >> "Host: fakerestapi.azurewebsites.net[\r][\n]"
05-10-2023 22:07:57 Wire.java DEBUG [TestNG-test=Smoke-1] http.wire 73 -  >> "Connection: Keep-Alive[\r][\n]"
05-10-2023 22:07:57 Wire.java DEBUG [TestNG-test=Smoke-1] http.wire 73 -  >> "User-Agent: Apache-HttpClient/4.5.13 (Java/1.8.0_333)[\r][\n]"
05-10-2023 22:07:57 Wire.java DEBUG [TestNG-test=Smoke-1] http.wire 73 -  >> "Accept-Encoding: gzip,deflate[\r][\n]"
05-10-2023 22:07:57 Wire.java DEBUG [TestNG-test=Smoke-1] http.wire 73 -  >> "[\r][\n]"
05-10-2023 22:07:57 DefaultClientConnection.java DEBUG [TestNG-test=Smoke-1] http.headers 278 - >> PUT /api/v1/activities/4 HTTP/1.1
05-10-2023 22:07:57 DefaultClientConnection.java DEBUG [TestNG-test=Smoke-1] http.headers 281 - >> Accept: */*
05-10-2023 22:07:57 DefaultClientConnection.java DEBUG [TestNG-test=Smoke-1] http.headers 281 - >> Content-Type: application/json
05-10-2023 22:07:57 DefaultClientConnection.java DEBUG [TestNG-test=Smoke-1] http.headers 281 - >> Content-Length: 117
05-10-2023 22:07:57 DefaultClientConnection.java DEBUG [TestNG-test=Smoke-1] http.headers 281 - >> Host: fakerestapi.azurewebsites.net
05-10-2023 22:07:57 DefaultClientConnection.java DEBUG [TestNG-test=Smoke-1] http.headers 281 - >> Connection: Keep-Alive
05-10-2023 22:07:57 DefaultClientConnection.java DEBUG [TestNG-test=Smoke-1] http.headers 281 - >> User-Agent: Apache-HttpClient/4.5.13 (Java/1.8.0_333)
05-10-2023 22:07:57 DefaultClientConnection.java DEBUG [TestNG-test=Smoke-1] http.headers 281 - >> Accept-Encoding: gzip,deflate
05-10-2023 22:07:57 Wire.java DEBUG [TestNG-test=Smoke-1] http.wire 73 -  >> "{[\r][\n]"
05-10-2023 22:07:57 Wire.java DEBUG [TestNG-test=Smoke-1] http.wire 73 -  >> "  "id" : 4,[\r][\n]"
05-10-2023 22:07:57 Wire.java DEBUG [TestNG-test=Smoke-1] http.wire 73 -  >> "  "title" : "Activityy",[\r][\n]"
05-10-2023 22:07:57 Wire.java DEBUG [TestNG-test=Smoke-1] http.wire 73 -  >> "  "dueDate" : "2023-03-21T17:58:49.5418856+00:00",[\r][\n]"
05-10-2023 22:07:57 Wire.java DEBUG [TestNG-test=Smoke-1] http.wire 73 -  >> "  "completed" : true[\r][\n]"
05-10-2023 22:07:57 Wire.java DEBUG [TestNG-test=Smoke-1] http.wire 87 -  >> "}"
05-10-2023 22:07:57 Wire.java DEBUG [TestNG-test=Smoke-1] http.wire 73 -  << "HTTP/1.1 200 OK[\r][\n]"
05-10-2023 22:07:57 Wire.java DEBUG [TestNG-test=Smoke-1] http.wire 73 -  << "Content-Type: application/json; charset=utf-8; v=1.0[\r][\n]"
05-10-2023 22:07:57 Wire.java DEBUG [TestNG-test=Smoke-1] http.wire 73 -  << "Date: Wed, 10 May 2023 16:37:57 GMT[\r][\n]"
05-10-2023 22:07:57 Wire.java DEBUG [TestNG-test=Smoke-1] http.wire 73 -  << "Server: Kestrel[\r][\n]"
05-10-2023 22:07:57 Wire.java DEBUG [TestNG-test=Smoke-1] http.wire 73 -  << "Transfer-Encoding: chunked[\r][\n]"
05-10-2023 22:07:57 Wire.java DEBUG [TestNG-test=Smoke-1] http.wire 73 -  << "api-supported-versions: 1.0[\r][\n]"
05-10-2023 22:07:57 Wire.java DEBUG [TestNG-test=Smoke-1] http.wire 73 -  << "[\r][\n]"
05-10-2023 22:07:57 DefaultClientConnection.java DEBUG [TestNG-test=Smoke-1] conn.DefaultClientConnection 259 - Receiving response: HTTP/1.1 200 OK
05-10-2023 22:07:57 DefaultClientConnection.java DEBUG [TestNG-test=Smoke-1] http.headers 262 - << HTTP/1.1 200 OK
05-10-2023 22:07:57 DefaultClientConnection.java DEBUG [TestNG-test=Smoke-1] http.headers 265 - << Content-Type: application/json; charset=utf-8; v=1.0
05-10-2023 22:07:57 DefaultClientConnection.java DEBUG [TestNG-test=Smoke-1] http.headers 265 - << Date: Wed, 10 May 2023 16:37:57 GMT
05-10-2023 22:07:57 DefaultClientConnection.java DEBUG [TestNG-test=Smoke-1] http.headers 265 - << Server: Kestrel
05-10-2023 22:07:57 DefaultClientConnection.java DEBUG [TestNG-test=Smoke-1] http.headers 265 - << Transfer-Encoding: chunked
05-10-2023 22:07:57 DefaultClientConnection.java DEBUG [TestNG-test=Smoke-1] http.headers 265 - << api-supported-versions: 1.0
05-10-2023 22:07:57 DefaultRequestDirector.java DEBUG [TestNG-test=Smoke-1] client.DefaultHttpClient 504 - Connection can be kept alive indefinitely
05-10-2023 22:07:57 HTTPBuilder.java DEBUG [TestNG-test=Smoke-1] internal.RestAssuredHttpBuilder 553 - Parsing response as: application/json; charset=utf-8; v=1.0
05-10-2023 22:07:57 HTTPBuilder.java DEBUG [TestNG-test=Smoke-1] internal.RestAssuredHttpBuilder 556 - Parsed data to instance of: class org.apache.http.conn.EofSensorInputStream
05-10-2023 22:07:57 ApiRequestHelper.java INFO  [TestNG-test=Smoke-1] Demo 158 - 
05-10-2023 22:07:57 ApiRequestHelper.java INFO  [TestNG-test=Smoke-1] Demo 159 - http://localhost
05-10-2023 22:07:57 ApiRequestHelper.java INFO  [TestNG-test=Smoke-1] Demo 160 - 
05-10-2023 22:07:57 ApiRequestHelper.java INFO  [TestNG-test=Smoke-1] Demo 161 - {
  "id" : 4,
  "title" : "Activityy",
  "dueDate" : "2023-03-21T17:58:49.5418856+00:00",
  "completed" : true
}
05-10-2023 22:07:57 Wire.java DEBUG [TestNG-test=Smoke-1] http.wire 73 -  << "5b[\r][\n]"
05-10-2023 22:07:57 Wire.java DEBUG [TestNG-test=Smoke-1] http.wire 87 -  << "{"id":4,"title":"Activityy","dueDate":"2023-03-21T17:58:49.5418856+00:00","completed":true}"
05-10-2023 22:07:57 Wire.java DEBUG [TestNG-test=Smoke-1] http.wire 73 -  << "[\r][\n]"
05-10-2023 22:07:57 Wire.java DEBUG [TestNG-test=Smoke-1] http.wire 73 -  << "0[\r][\n]"
05-10-2023 22:07:57 Wire.java DEBUG [TestNG-test=Smoke-1] http.wire 73 -  << "[\r][\n]"
05-10-2023 22:07:57 BasicClientConnectionManager.java DEBUG [TestNG-test=Smoke-1] conn.BasicClientConnectionManager 200 - Releasing connection org.apache.http.impl.conn.ManagedClientConnectionImpl@41ec980
05-10-2023 22:07:57 BasicClientConnectionManager.java DEBUG [TestNG-test=Smoke-1] conn.BasicClientConnectionManager 225 - Connection can be kept alive indefinitely
HTTP/1.1 200 OK
Content-Type: application/json; charset=utf-8; v=1.0
Date: Wed, 10 May 2023 16:37:57 GMT
Server: Kestrel
Transfer-Encoding: chunked
api-supported-versions: 1.0

{
    "id": 4,
    "title": "Activityy",
    "dueDate": "2023-03-21T17:58:49.5418856+00:00",
    "completed": true
}
05-10-2023 22:07:57 ApiRequestHelper.java INFO  [TestNG-test=Smoke-1] Demo 165 -  API Response Status Code : 200
05-10-2023 22:07:57 ApiRequestHelper.java INFO  [TestNG-test=Smoke-1] Demo 166 -  API Response Status Line : HTTP/1.1 200 OK
05-10-2023 22:07:57 ApiRequestHelper.java INFO  [TestNG-test=Smoke-1] Demo 167 -  API Response Cookie : {}
05-10-2023 22:07:57 ApiRequestHelper.java INFO  [TestNG-test=Smoke-1] Demo 168 -  API Response Time : 868
05-10-2023 22:07:57 ApiRequestHelper.java INFO  [TestNG-test=Smoke-1] Demo 169 -  API Headers : Content-Type=application/json; charset=utf-8; v=1.0
Date=Wed, 10 May 2023 16:37:57 GMT
Server=Kestrel
Transfer-Encoding=chunked
api-supported-versions=1.0
{
    "id": 4,
    "title": "Activityy",
    "dueDate": "2023-03-21T17:58:49.5418856+00:00",
    "completed": true
}
{
    "id": 4,
    "title": "Activityy",
    "dueDate": "2023-03-21T17:58:49.5418856+00:00",
    "completed": true
}
05-10-2023 22:07:57 ApiRequestHelper.java INFO  [TestNG-test=Smoke-1] Demo 171 -  API Response Body : {
    "id": 4,
    "title": "Activityy",
    "dueDate": "2023-03-21T17:58:49.5418856+00:00",
    "completed": true
}
]]></system-out>
  </testcase>
  <testcase name="runScenario[&quot;Verify Activities DELETE API&quot;, &quot;Activities&quot;](5)" classname="com.demo.api.cucumber.stepsDefinition.CommonRunner" time="1.797">
    <system-out><![CDATA[05-10-2023 22:07:57 DemoStepsDefinition.java INFO  [TestNG-test=Smoke-1] Demo 38 -  Service Name : Activities DELETE API
05-10-2023 22:07:57 DemoStepsDefinition.java INFO  [TestNG-test=Smoke-1] Demo 39 -  Thread name : 13
05-10-2023 22:07:57 ApiRequestHelper.java INFO  [TestNG-test=Smoke-1] Demo 90 -  Request Body is : null
05-10-2023 22:07:57 BasicClientConnectionManager.java DEBUG [TestNG-test=Smoke-1] conn.BasicClientConnectionManager 161 - Get connection for route {s}->https://fakerestapi.azurewebsites.net:443
05-10-2023 22:07:57 DefaultClientConnectionOperator.java DEBUG [TestNG-test=Smoke-1] conn.DefaultClientConnectionOperator 177 - Connecting to fakerestapi.azurewebsites.net:443
05-10-2023 22:07:58 RequestAddCookies.java DEBUG [TestNG-test=Smoke-1] protocol.RequestAddCookies 123 - CookieSpec selected: ignoreCookies
05-10-2023 22:07:58 RequestAuthCache.java DEBUG [TestNG-test=Smoke-1] protocol.RequestAuthCache 77 - Auth cache not set in the context
05-10-2023 22:07:58 RequestTargetAuthentication.java DEBUG [TestNG-test=Smoke-1] protocol.RequestTargetAuthentication 80 - Target auth state: UNCHALLENGED
05-10-2023 22:07:58 RequestProxyAuthentication.java DEBUG [TestNG-test=Smoke-1] protocol.RequestProxyAuthentication 89 - Proxy auth state: UNCHALLENGED
05-10-2023 22:07:58 DefaultRequestDirector.java DEBUG [TestNG-test=Smoke-1] client.DefaultHttpClient 677 - Attempt 1 to execute request
05-10-2023 22:07:58 DefaultClientConnection.java DEBUG [TestNG-test=Smoke-1] conn.DefaultClientConnection 274 - Sending request: POST /api/v1/activities/4 HTTP/1.1
05-10-2023 22:07:58 Wire.java DEBUG [TestNG-test=Smoke-1] http.wire 73 -  >> "POST /api/v1/activities/4 HTTP/1.1[\r][\n]"
05-10-2023 22:07:58 Wire.java DEBUG [TestNG-test=Smoke-1] http.wire 73 -  >> "Content-Type: application/x-www-form-urlencoded; charset=ISO-8859-1[\r][\n]"
05-10-2023 22:07:58 Wire.java DEBUG [TestNG-test=Smoke-1] http.wire 73 -  >> "Accept: */*[\r][\n]"
05-10-2023 22:07:58 Wire.java DEBUG [TestNG-test=Smoke-1] http.wire 73 -  >> "Content-Length: 0[\r][\n]"
05-10-2023 22:07:58 Wire.java DEBUG [TestNG-test=Smoke-1] http.wire 73 -  >> "Host: fakerestapi.azurewebsites.net[\r][\n]"
05-10-2023 22:07:58 Wire.java DEBUG [TestNG-test=Smoke-1] http.wire 73 -  >> "Connection: Keep-Alive[\r][\n]"
05-10-2023 22:07:58 Wire.java DEBUG [TestNG-test=Smoke-1] http.wire 73 -  >> "User-Agent: Apache-HttpClient/4.5.13 (Java/1.8.0_333)[\r][\n]"
05-10-2023 22:07:58 Wire.java DEBUG [TestNG-test=Smoke-1] http.wire 73 -  >> "Accept-Encoding: gzip,deflate[\r][\n]"
05-10-2023 22:07:58 Wire.java DEBUG [TestNG-test=Smoke-1] http.wire 73 -  >> "[\r][\n]"
05-10-2023 22:07:58 DefaultClientConnection.java DEBUG [TestNG-test=Smoke-1] http.headers 278 - >> POST /api/v1/activities/4 HTTP/1.1
05-10-2023 22:07:58 DefaultClientConnection.java DEBUG [TestNG-test=Smoke-1] http.headers 281 - >> Content-Type: application/x-www-form-urlencoded; charset=ISO-8859-1
05-10-2023 22:07:58 DefaultClientConnection.java DEBUG [TestNG-test=Smoke-1] http.headers 281 - >> Accept: */*
05-10-2023 22:07:58 DefaultClientConnection.java DEBUG [TestNG-test=Smoke-1] http.headers 281 - >> Content-Length: 0
05-10-2023 22:07:58 DefaultClientConnection.java DEBUG [TestNG-test=Smoke-1] http.headers 281 - >> Host: fakerestapi.azurewebsites.net
05-10-2023 22:07:58 DefaultClientConnection.java DEBUG [TestNG-test=Smoke-1] http.headers 281 - >> Connection: Keep-Alive
05-10-2023 22:07:58 DefaultClientConnection.java DEBUG [TestNG-test=Smoke-1] http.headers 281 - >> User-Agent: Apache-HttpClient/4.5.13 (Java/1.8.0_333)
05-10-2023 22:07:58 DefaultClientConnection.java DEBUG [TestNG-test=Smoke-1] http.headers 281 - >> Accept-Encoding: gzip,deflate
05-10-2023 22:07:58 Wire.java DEBUG [TestNG-test=Smoke-1] http.wire 73 -  << "HTTP/1.1 405 Method Not Allowed[\r][\n]"
05-10-2023 22:07:58 Wire.java DEBUG [TestNG-test=Smoke-1] http.wire 73 -  << "Content-Length: 0[\r][\n]"
05-10-2023 22:07:58 Wire.java DEBUG [TestNG-test=Smoke-1] http.wire 73 -  << "Date: Wed, 10 May 2023 16:37:58 GMT[\r][\n]"
05-10-2023 22:07:58 Wire.java DEBUG [TestNG-test=Smoke-1] http.wire 73 -  << "Server: Kestrel[\r][\n]"
05-10-2023 22:07:58 Wire.java DEBUG [TestNG-test=Smoke-1] http.wire 73 -  << "Allow: DELETE, GET, PUT[\r][\n]"
05-10-2023 22:07:58 Wire.java DEBUG [TestNG-test=Smoke-1] http.wire 73 -  << "[\r][\n]"
05-10-2023 22:07:58 DefaultClientConnection.java DEBUG [TestNG-test=Smoke-1] conn.DefaultClientConnection 259 - Receiving response: HTTP/1.1 405 Method Not Allowed
05-10-2023 22:07:58 DefaultClientConnection.java DEBUG [TestNG-test=Smoke-1] http.headers 262 - << HTTP/1.1 405 Method Not Allowed
05-10-2023 22:07:58 DefaultClientConnection.java DEBUG [TestNG-test=Smoke-1] http.headers 265 - << Content-Length: 0
05-10-2023 22:07:58 DefaultClientConnection.java DEBUG [TestNG-test=Smoke-1] http.headers 265 - << Date: Wed, 10 May 2023 16:37:58 GMT
05-10-2023 22:07:58 DefaultClientConnection.java DEBUG [TestNG-test=Smoke-1] http.headers 265 - << Server: Kestrel
05-10-2023 22:07:58 DefaultClientConnection.java DEBUG [TestNG-test=Smoke-1] http.headers 265 - << Allow: DELETE, GET, PUT
05-10-2023 22:07:58 DefaultRequestDirector.java DEBUG [TestNG-test=Smoke-1] client.DefaultHttpClient 504 - Connection can be kept alive indefinitely
05-10-2023 22:07:58 ApiRequestHelper.java INFO  [TestNG-test=Smoke-1] Demo 158 - 
05-10-2023 22:07:58 ApiRequestHelper.java INFO  [TestNG-test=Smoke-1] Demo 159 - http://localhost
05-10-2023 22:07:58 ApiRequestHelper.java INFO  [TestNG-test=Smoke-1] Demo 160 - 
05-10-2023 22:07:58 ApiRequestHelper.java INFO  [TestNG-test=Smoke-1] Demo 161 - 
HTTP/1.1 405 Method Not Allowed
Content-Length: 0
Date: Wed, 10 May 2023 16:37:58 GMT
Server: Kestrel
Allow: DELETE, GET, PUT
05-10-2023 22:07:58 ApiRequestHelper.java INFO  [TestNG-test=Smoke-1] Demo 165 -  API Response Status Code : 405
05-10-2023 22:07:58 ApiRequestHelper.java INFO  [TestNG-test=Smoke-1] Demo 166 -  API Response Status Line : HTTP/1.1 405 Method Not Allowed
05-10-2023 22:07:58 ApiRequestHelper.java INFO  [TestNG-test=Smoke-1] Demo 167 -  API Response Cookie : {}
05-10-2023 22:07:58 ApiRequestHelper.java INFO  [TestNG-test=Smoke-1] Demo 168 -  API Response Time : 880
05-10-2023 22:07:58 ApiRequestHelper.java INFO  [TestNG-test=Smoke-1] Demo 169 -  API Headers : Content-Length=0
Date=Wed, 10 May 2023 16:37:58 GMT
Server=Kestrel
Allow=DELETE, GET, PUT


05-10-2023 22:07:58 ApiRequestHelper.java INFO  [TestNG-test=Smoke-1] Demo 171 -  API Response Body : 
05-10-2023 22:07:58 ApiRequestHelper.java INFO  [TestNG-test=Smoke-1] Demo 90 -  Request Body is : null
05-10-2023 22:07:58 BasicClientConnectionManager.java DEBUG [TestNG-test=Smoke-1] conn.BasicClientConnectionManager 161 - Get connection for route {s}->https://fakerestapi.azurewebsites.net:443
05-10-2023 22:07:58 DefaultClientConnectionOperator.java DEBUG [TestNG-test=Smoke-1] conn.DefaultClientConnectionOperator 177 - Connecting to fakerestapi.azurewebsites.net:443
05-10-2023 22:07:59 RequestAddCookies.java DEBUG [TestNG-test=Smoke-1] protocol.RequestAddCookies 123 - CookieSpec selected: ignoreCookies
05-10-2023 22:07:59 RequestAuthCache.java DEBUG [TestNG-test=Smoke-1] protocol.RequestAuthCache 77 - Auth cache not set in the context
05-10-2023 22:07:59 RequestTargetAuthentication.java DEBUG [TestNG-test=Smoke-1] protocol.RequestTargetAuthentication 80 - Target auth state: UNCHALLENGED
05-10-2023 22:07:59 RequestProxyAuthentication.java DEBUG [TestNG-test=Smoke-1] protocol.RequestProxyAuthentication 89 - Proxy auth state: UNCHALLENGED
05-10-2023 22:07:59 DefaultRequestDirector.java DEBUG [TestNG-test=Smoke-1] client.DefaultHttpClient 677 - Attempt 1 to execute request
05-10-2023 22:07:59 DefaultClientConnection.java DEBUG [TestNG-test=Smoke-1] conn.DefaultClientConnection 274 - Sending request: DELETE /api/v1/activities/4 HTTP/1.1
05-10-2023 22:07:59 Wire.java DEBUG [TestNG-test=Smoke-1] http.wire 73 -  >> "DELETE /api/v1/activities/4 HTTP/1.1[\r][\n]"
05-10-2023 22:07:59 Wire.java DEBUG [TestNG-test=Smoke-1] http.wire 73 -  >> "Accept: */*[\r][\n]"
05-10-2023 22:07:59 Wire.java DEBUG [TestNG-test=Smoke-1] http.wire 73 -  >> "Host: fakerestapi.azurewebsites.net[\r][\n]"
05-10-2023 22:07:59 Wire.java DEBUG [TestNG-test=Smoke-1] http.wire 73 -  >> "Connection: Keep-Alive[\r][\n]"
05-10-2023 22:07:59 Wire.java DEBUG [TestNG-test=Smoke-1] http.wire 73 -  >> "User-Agent: Apache-HttpClient/4.5.13 (Java/1.8.0_333)[\r][\n]"
05-10-2023 22:07:59 Wire.java DEBUG [TestNG-test=Smoke-1] http.wire 73 -  >> "Accept-Encoding: gzip,deflate[\r][\n]"
05-10-2023 22:07:59 Wire.java DEBUG [TestNG-test=Smoke-1] http.wire 73 -  >> "[\r][\n]"
05-10-2023 22:07:59 DefaultClientConnection.java DEBUG [TestNG-test=Smoke-1] http.headers 278 - >> DELETE /api/v1/activities/4 HTTP/1.1
05-10-2023 22:07:59 DefaultClientConnection.java DEBUG [TestNG-test=Smoke-1] http.headers 281 - >> Accept: */*
05-10-2023 22:07:59 DefaultClientConnection.java DEBUG [TestNG-test=Smoke-1] http.headers 281 - >> Host: fakerestapi.azurewebsites.net
05-10-2023 22:07:59 DefaultClientConnection.java DEBUG [TestNG-test=Smoke-1] http.headers 281 - >> Connection: Keep-Alive
05-10-2023 22:07:59 DefaultClientConnection.java DEBUG [TestNG-test=Smoke-1] http.headers 281 - >> User-Agent: Apache-HttpClient/4.5.13 (Java/1.8.0_333)
05-10-2023 22:07:59 DefaultClientConnection.java DEBUG [TestNG-test=Smoke-1] http.headers 281 - >> Accept-Encoding: gzip,deflate
05-10-2023 22:07:59 Wire.java DEBUG [TestNG-test=Smoke-1] http.wire 73 -  << "HTTP/1.1 200 OK[\r][\n]"
05-10-2023 22:07:59 Wire.java DEBUG [TestNG-test=Smoke-1] http.wire 73 -  << "Content-Length: 0[\r][\n]"
05-10-2023 22:07:59 Wire.java DEBUG [TestNG-test=Smoke-1] http.wire 73 -  << "Date: Wed, 10 May 2023 16:37:58 GMT[\r][\n]"
05-10-2023 22:07:59 Wire.java DEBUG [TestNG-test=Smoke-1] http.wire 73 -  << "Server: Kestrel[\r][\n]"
05-10-2023 22:07:59 Wire.java DEBUG [TestNG-test=Smoke-1] http.wire 73 -  << "api-supported-versions: 1.0[\r][\n]"
05-10-2023 22:07:59 Wire.java DEBUG [TestNG-test=Smoke-1] http.wire 73 -  << "[\r][\n]"
05-10-2023 22:07:59 DefaultClientConnection.java DEBUG [TestNG-test=Smoke-1] conn.DefaultClientConnection 259 - Receiving response: HTTP/1.1 200 OK
05-10-2023 22:07:59 DefaultClientConnection.java DEBUG [TestNG-test=Smoke-1] http.headers 262 - << HTTP/1.1 200 OK
05-10-2023 22:07:59 DefaultClientConnection.java DEBUG [TestNG-test=Smoke-1] http.headers 265 - << Content-Length: 0
05-10-2023 22:07:59 DefaultClientConnection.java DEBUG [TestNG-test=Smoke-1] http.headers 265 - << Date: Wed, 10 May 2023 16:37:58 GMT
05-10-2023 22:07:59 DefaultClientConnection.java DEBUG [TestNG-test=Smoke-1] http.headers 265 - << Server: Kestrel
05-10-2023 22:07:59 DefaultClientConnection.java DEBUG [TestNG-test=Smoke-1] http.headers 265 - << api-supported-versions: 1.0
05-10-2023 22:07:59 DefaultRequestDirector.java DEBUG [TestNG-test=Smoke-1] client.DefaultHttpClient 504 - Connection can be kept alive indefinitely
05-10-2023 22:07:59 ApiRequestHelper.java INFO  [TestNG-test=Smoke-1] Demo 158 - 
05-10-2023 22:07:59 ApiRequestHelper.java INFO  [TestNG-test=Smoke-1] Demo 159 - http://localhost
05-10-2023 22:07:59 ApiRequestHelper.java INFO  [TestNG-test=Smoke-1] Demo 160 - 
05-10-2023 22:07:59 ApiRequestHelper.java INFO  [TestNG-test=Smoke-1] Demo 161 - 
HTTP/1.1 200 OK
Content-Length: 0
Date: Wed, 10 May 2023 16:37:58 GMT
Server: Kestrel
api-supported-versions: 1.0
05-10-2023 22:07:59 ApiRequestHelper.java INFO  [TestNG-test=Smoke-1] Demo 165 -  API Response Status Code : 200
05-10-2023 22:07:59 ApiRequestHelper.java INFO  [TestNG-test=Smoke-1] Demo 166 -  API Response Status Line : HTTP/1.1 200 OK
05-10-2023 22:07:59 ApiRequestHelper.java INFO  [TestNG-test=Smoke-1] Demo 167 -  API Response Cookie : {}
05-10-2023 22:07:59 ApiRequestHelper.java INFO  [TestNG-test=Smoke-1] Demo 168 -  API Response Time : 867
05-10-2023 22:07:59 ApiRequestHelper.java INFO  [TestNG-test=Smoke-1] Demo 169 -  API Headers : Content-Length=0
Date=Wed, 10 May 2023 16:37:58 GMT
Server=Kestrel
api-supported-versions=1.0


05-10-2023 22:07:59 ApiRequestHelper.java INFO  [TestNG-test=Smoke-1] Demo 171 -  API Response Body : 
]]></system-out>
  </testcase>
</testsuite>